2025-12-17 18:16:18,340 - INFO - Мигрирован пользователь bob с MD5 на bcrypt
2025-12-17 18:16:19,009 - INFO - Зарегистрирован новый пользователь: bob
2025-12-17 18:16:19,655 - INFO - Зарегистрирован новый пользователь: alice
2025-12-17 18:16:19,984 - INFO - Зарегистрирован новый пользователь: bob
2025-12-17 18:16:20,299 - WARNING - Неудачная попытка входа: bob (попытка 1, задержка: 2.50с)
2025-12-17 18:16:20,299 - INFO - Применена задержка 2.50с для bob (попытка 1)
2025-12-17 18:16:20,613 - WARNING - Неудачная попытка входа: bob (попытка 2, задержка: 3.25с)
2025-12-17 18:16:20,613 - INFO - Применена задержка 3.25с для bob (попытка 2)
2025-12-17 18:16:20,941 - WARNING - Неудачная попытка входа: bob (попытка 3, задержка: 4.38с)
2025-12-17 18:16:20,941 - INFO - Применена задержка 4.37с для bob (попытка 3)
2025-12-17 18:16:21,277 - WARNING - Неудачная попытка входа: bob (попытка 4, задержка: 6.06с)
2025-12-17 18:16:21,277 - INFO - Применена задержка 6.06с для bob (попытка 4)
2025-12-17 18:16:21,590 - WARNING - Неудачная попытка входа: bob (попытка 5, задержка: 8.59с)
2025-12-17 18:16:21,915 - INFO - Зарегистрирован новый пользователь: carol
2025-12-17 18:16:22,232 - WARNING - Неудачная попытка входа: carol (попытка 1, задержка: 2.50с)
2025-12-17 18:16:22,232 - INFO - Применена задержка 2.50с для carol (попытка 1)
2025-12-17 18:16:22,554 - INFO - Сброшен счетчик неудач для carol (было: 1)
2025-12-17 18:29:41,100 - INFO - Зарегистрирован новый пользователь: test_user
2025-12-17 18:29:41,516 - WARNING - Неудачная попытка входа: test_user (попытка 1, задержка: 2.50с)
2025-12-17 18:29:44,532 - WARNING - Неудачная попытка входа: test_user (попытка 2, задержка: 3.25с)
2025-12-17 18:29:48,136 - WARNING - Неудачная попытка входа: test_user (попытка 3, задержка: 4.38с)
2025-12-17 18:29:52,878 - INFO - Сброшен счетчик неудач для test_user (было: 3)
2025-12-17 18:29:52,878 - INFO - Администратор admin_user сбросил счетчик неудачных попыток для пользователя test_user (было: 0)
2025-12-17 18:30:43,572 - INFO - Мигрирован пользователь bob с MD5 на bcrypt
2025-12-17 18:30:44,404 - INFO - Зарегистрирован новый пользователь: bob
2025-12-17 18:30:45,241 - INFO - Зарегистрирован новый пользователь: alice
2025-12-17 18:30:45,692 - INFO - Зарегистрирован новый пользователь: bob
2025-12-17 18:30:46,048 - WARNING - Неудачная попытка входа: bob (попытка 1, задержка: 2.50с)
2025-12-17 18:30:46,049 - INFO - Применена задержка 2.50с для bob (попытка 1)
2025-12-17 18:30:46,378 - WARNING - Неудачная попытка входа: bob (попытка 2, задержка: 3.25с)
2025-12-17 18:30:46,379 - INFO - Применена задержка 3.25с для bob (попытка 2)
2025-12-17 18:30:46,712 - WARNING - Неудачная попытка входа: bob (попытка 3, задержка: 4.38с)
2025-12-17 18:30:46,713 - INFO - Применена задержка 4.37с для bob (попытка 3)
2025-12-17 18:30:47,093 - WARNING - Неудачная попытка входа: bob (попытка 4, задержка: 6.06с)
2025-12-17 18:30:47,093 - INFO - Применена задержка 6.06с для bob (попытка 4)
2025-12-17 18:30:47,477 - WARNING - Неудачная попытка входа: bob (попытка 5, задержка: 8.59с)
2025-12-17 18:30:47,859 - INFO - Зарегистрирован новый пользователь: carol
2025-12-17 18:30:48,179 - WARNING - Неудачная попытка входа: carol (попытка 1, задержка: 2.50с)
2025-12-17 18:30:48,180 - INFO - Применена задержка 2.50с для carol (попытка 1)
2025-12-17 18:30:48,504 - INFO - Сброшен счетчик неудач для carol (было: 1)
2025-12-17 18:35:29,069 - INFO - Зарегистрирован новый пользователь: test_user
2025-12-17 18:35:29,399 - WARNING - Неудачная попытка входа: test_user (попытка 1, задержка: 2.50с)
2025-12-17 18:35:32,221 - WARNING - Неудачная попытка входа: test_user (попытка 2, задержка: 3.25с)
2025-12-17 18:35:35,798 - WARNING - Неудачная попытка входа: test_user (попытка 3, задержка: 4.38с)
2025-12-17 18:35:40,662 - INFO - Сброшен счетчик неудач для test_user (было: 3)
2025-12-17 18:35:40,662 - INFO - Администратор admin_user сбросил счетчик неудачных попыток для пользователя test_user (было: 0)
2025-12-17 18:35:45,031 - INFO - Мигрирован пользователь bob с MD5 на bcrypt
2025-12-17 18:35:45,863 - INFO - Зарегистрирован новый пользователь: bob
2025-12-17 18:35:46,565 - INFO - Зарегистрирован новый пользователь: alice
2025-12-17 18:35:46,893 - INFO - Зарегистрирован новый пользователь: bob
2025-12-17 18:35:47,209 - WARNING - Неудачная попытка входа: bob (попытка 1, задержка: 2.50с)
2025-12-17 18:35:47,209 - INFO - Применена задержка 2.50с для bob (попытка 1)
2025-12-17 18:35:47,525 - WARNING - Неудачная попытка входа: bob (попытка 2, задержка: 3.25с)
2025-12-17 18:35:47,525 - INFO - Применена задержка 3.25с для bob (попытка 2)
2025-12-17 18:35:47,840 - WARNING - Неудачная попытка входа: bob (попытка 3, задержка: 4.38с)
2025-12-17 18:35:47,840 - INFO - Применена задержка 4.37с для bob (попытка 3)
2025-12-17 18:35:48,367 - WARNING - Неудачная попытка входа: bob (попытка 4, задержка: 6.06с)
2025-12-17 18:35:48,368 - INFO - Применена задержка 6.06с для bob (попытка 4)
2025-12-17 18:35:48,761 - WARNING - Неудачная попытка входа: bob (попытка 5, задержка: 8.59с)
2025-12-17 18:35:49,200 - INFO - Зарегистрирован новый пользователь: carol
2025-12-17 18:35:49,707 - WARNING - Неудачная попытка входа: carol (попытка 1, задержка: 2.50с)
2025-12-17 18:35:49,710 - INFO - Применена задержка 2.50с для carol (попытка 1)
2025-12-17 18:35:50,201 - INFO - Сброшен счетчик неудач для carol (было: 1)
